d:\ms timovi\racunarska grafika\lv3_18077\x64\debug\lv3_18077.pch
d:\ms timovi\racunarska grafika\lv3_18077\x64\debug\vc143.pdb
d:\ms timovi\racunarska grafika\lv3_18077\x64\debug\vc143.idb
d:\ms timovi\racunarska grafika\lv3_18077\x64\debug\pch.obj
d:\ms timovi\racunarska grafika\lv3_18077\x64\debug\mainfrm.obj
d:\ms timovi\racunarska grafika\lv3_18077\x64\debug\lv3_18077view.obj
d:\ms timovi\racunarska grafika\lv3_18077\x64\debug\lv3_18077doc.obj
d:\ms timovi\racunarska grafika\lv3_18077\x64\debug\lv3_18077.obj
d:\ms timovi\racunarska grafika\lv3_18077\x64\debug\dimage.obj
d:\ms timovi\racunarska grafika\lv3_18077\x64\debug\lv3_18077.exe
d:\ms timovi\racunarska grafika\lv3_18077\x64\debug\lv3_18077.ilk
d:\ms timovi\racunarska grafika\lv3_18077\x64\debug\lv3_18077.pdb
d:\ms timovi\racunarska grafika\lv3_18077\x64\debug\lv318077.res
d:\ms timovi\racunarska grafika\lv3_18077\x64\debug\lv3_18077.tlog\cl.command.1.tlog
d:\ms timovi\racunarska grafika\lv3_18077\x64\debug\lv3_18077.tlog\cl.items.tlog
d:\ms timovi\racunarska grafika\lv3_18077\x64\debug\lv3_18077.tlog\cl.read.1.tlog
d:\ms timovi\racunarska grafika\lv3_18077\x64\debug\lv3_18077.tlog\cl.write.1.tlog
d:\ms timovi\racunarska grafika\lv3_18077\x64\debug\lv3_18077.tlog\link.command.1.tlog
d:\ms timovi\racunarska grafika\lv3_18077\x64\debug\lv3_18077.tlog\link.read.1.tlog
d:\ms timovi\racunarska grafika\lv3_18077\x64\debug\lv3_18077.tlog\link.write.1.tlog
d:\ms timovi\racunarska grafika\lv3_18077\x64\debug\lv3_18077.tlog\rc.command.1.tlog
d:\ms timovi\racunarska grafika\lv3_18077\x64\debug\lv3_18077.tlog\rc.read.1.tlog
d:\ms timovi\racunarska grafika\lv3_18077\x64\debug\lv3_18077.tlog\rc.write.1.tlog
